0 info it worked if it ends with ok
1 verbose cli [ '/usr/bin/nodejs',
1 verbose cli   '/usr/bin/npm',
1 verbose cli   'install',
1 verbose cli   'angular-client-side-auth' ]
2 info using npm@1.3.10
3 info using node@v0.10.25
4 warn package.json ui@0.0.0 No description
5 warn package.json ui@0.0.0 No repository field.
6 warn package.json ui@0.0.0 No README data
7 verbose readDependencies using package.json deps
8 verbose cache add [ 'angular-client-side-auth', null ]
9 verbose cache add name=undefined spec="angular-client-side-auth" args=["angular-client-side-auth",null]
10 verbose parsed url { protocol: null,
10 verbose parsed url   slashes: null,
10 verbose parsed url   auth: null,
10 verbose parsed url   host: null,
10 verbose parsed url   port: null,
10 verbose parsed url   hostname: null,
10 verbose parsed url   hash: null,
10 verbose parsed url   search: null,
10 verbose parsed url   query: null,
10 verbose parsed url   pathname: 'angular-client-side-auth',
10 verbose parsed url   path: 'angular-client-side-auth',
10 verbose parsed url   href: 'angular-client-side-auth' }
11 silly lockFile 5e99c653-angular-client-side-auth angular-client-side-auth
12 verbose lock angular-client-side-auth /home/himanshu/.npm/5e99c653-angular-client-side-auth.lock
13 silly lockFile 5e99c653-angular-client-side-auth angular-client-side-auth
14 silly lockFile 5e99c653-angular-client-side-auth angular-client-side-auth
15 verbose addNamed [ 'angular-client-side-auth', '' ]
16 verbose addNamed [ null, '*' ]
17 silly lockFile e652d014-angular-client-side-auth angular-client-side-auth@
18 verbose lock angular-client-side-auth@ /home/himanshu/.npm/e652d014-angular-client-side-auth.lock
19 silly addNameRange { name: 'angular-client-side-auth', range: '*', hasData: false }
20 verbose url raw angular-client-side-auth
21 verbose url resolving [ 'https://registry.npmjs.org/', './angular-client-side-auth' ]
22 verbose url resolved https://registry.npmjs.org/angular-client-side-auth
23 info trying registry request attempt 1 at 17:49:38
24 verbose etag "1WKYRN5P7NHI39Z6459XXKTFH"
25 http GET https://registry.npmjs.org/angular-client-side-auth
26 http 404 https://registry.npmjs.org/angular-client-side-auth
27 silly registry.get cb [ 404,
27 silly registry.get   { date: 'Mon, 06 Oct 2014 12:19:44 GMT',
27 silly registry.get     server: 'CouchDB/1.5.0 (Erlang OTP/R16B03)',
27 silly registry.get     etag: '"1WKYRN5P7NHI39Z6459XXKTFH"',
27 silly registry.get     'content-type': 'application/json',
27 silly registry.get     'cache-control': 'max-age=0',
27 silly registry.get     'content-length': '503',
27 silly registry.get     'accept-ranges': 'bytes',
27 silly registry.get     via: '1.1 varnish',
27 silly registry.get     age: '0',
27 silly registry.get     'x-served-by': 'cache-syd1622-SYD',
27 silly registry.get     'x-cache': 'MISS',
27 silly registry.get     'x-cache-hits': '0',
27 silly registry.get     'x-timer': 'S1412597983.953555,VS0,VE774',
27 silly registry.get     vary: 'Accept',
27 silly registry.get     'keep-alive': 'timeout=10, max=50',
27 silly registry.get     connection: 'Keep-Alive' } ]
28 silly addNameRange number 2 { name: 'angular-client-side-auth', range: '*', hasData: true }
29 silly addNameRange versions [ 'angular-client-side-auth', [] ]
30 error TypeError: Cannot read property 'latest' of undefined
30 error     at next (/usr/share/npm/lib/cache.js:687:35)
30 error     at /usr/share/npm/lib/cache.js:675:5
30 error     at saved (/usr/share/npm/node_modules/npm-registry-client/lib/get.js:142:7)
30 error     at /usr/lib/nodejs/graceful-fs/polyfills.js:133:7
30 error     at Object.oncomplete (fs.js:107:15)
31 error If you need help, you may report this log at:
31 error     <http://github.com/isaacs/npm/issues>
31 error or email it to:
31 error     <npm-@googlegroups.com>
32 error System Linux 3.13.0-24-generic
33 error command "/usr/bin/nodejs" "/usr/bin/npm" "install" "angular-client-side-auth"
34 error cwd /home/himanshu/code/pyoopil/ui
35 error node -v v0.10.25
36 error npm -v 1.3.10
37 error type non_object_property_load
38 verbose exit [ 1, true ]
